
Showing logs for build [32mmeta-cb-kubecd-bdd-ghfjxy-impor-1[0m stage [32mmeta-pipeline[0m and container [32mstep-credential-initializer-5ss84[0m
{"level":"warn","ts":1568057961.8821294,"logger":"fallback-logger","caller":"logging/config.go:69","msg":"Fetch GitHub commit ID from kodata failed: \"ref: refs/heads/master\" is not a valid GitHub commit ID"}
{"level":"info","ts":1568057961.9415014,"logger":"fallback-logger","caller":"creds-init/main.go:40","msg":"Credentials initialized."}

Showing logs for build [32mmeta-cb-kubecd-bdd-ghfjxy-impor-1[0m stage [32mmeta-pipeline[0m and container [32mstep-working-dir-initializer-4rd8d[0m
{"level":"warn","ts":1568057963.1831834,"logger":"fallback-logger","caller":"logging/config.go:69","msg":"Fetch GitHub commit ID from kodata failed: open /var/run/ko/HEAD: no such file or directory"}
{"level":"info","ts":1568057963.1848063,"logger":"fallback-logger","caller":"bash/main.go:65","msg":"Successfully executed command \"mkdir -p /workspace/source\""}

Showing logs for build [32mmeta-cb-kubecd-bdd-ghfjxy-impor-1[0m stage [32mmeta-pipeline[0m and container [32mstep-place-tools[0m

Showing logs for build [32mmeta-cb-kubecd-bdd-ghfjxy-impor-1[0m stage [32mmeta-pipeline[0m and container [32mstep-git-source-meta-cb-kubecd-bdd-ghfjxy-impor-cnhpk[0m
{"level":"warn","ts":1568057969.226892,"logger":"fallback-logger","caller":"logging/config.go:69","msg":"Fetch GitHub commit ID from kodata failed: \"ref: refs/heads/master\" is not a valid GitHub commit ID"}
{"level":"info","ts":1568057970.326313,"logger":"fallback-logger","caller":"git/git.go:102","msg":"Successfully cloned https://github.com/cb-kubecd/bdd-ghf**y-import-1568057943.git @ f925e4322b5516a3f381a355764f3ef9a0c4df28 in path /workspace/source"}

Showing logs for build [32mmeta-cb-kubecd-bdd-ghfjxy-impor-1[0m stage [32mmeta-pipeline[0m and container [32mstep-git-merge[0m
Using SHAs from PULL_REFS=master:f925e4322b5516a3f381a355764f3ef9a0c4df28
WARNING: no SHAs to merge, falling back to initial cloned commit

Showing logs for build [32mmeta-cb-kubecd-bdd-ghfjxy-impor-1[0m stage [32mmeta-pipeline[0m and container [32mstep-merge-pull-refs[0m
SKIP merge-pull-refs: Nothing to merge

Showing logs for build [32mmeta-cb-kubecd-bdd-ghfjxy-impor-1[0m stage [32mmeta-pipeline[0m and container [32mstep-create-effective-pipeline[0m
Deleting and cloning the Jenkins X versions repo
Cloning the Jenkins X versions repo https://github.com/jenkins-x/jenkins-x-versions.git with ref refs/heads/master to /builder/home/.**/jenkins-x-versions
performing pack detection in folder /workspace/source
--> Draft detected YAML (67.859684%)
--> Could not find a pack for YAML. Trying to find the next likely language match...
--> Draft detected RPM Spec (14.835634%)
--> Could not find a pack for RPM Spec. Trying to find the next likely language match...
--> Draft detected Coq (6.745411%)
--> Could not find a pack for Coq. Trying to find the next likely language match...
--> Draft detected Smarty (3.671553%)
--> Could not find a pack for Smarty. Trying to find the next likely language match...
--> Draft detected Go (2.881742%)
selected pack: /builder/home/.**/draft/packs/github.com/jenkins-x-buildpacks/jenkins-x-kubernetes/packs/go
Effective pipeline written to jenkins-x-effective.yml

Showing logs for build [32mmeta-cb-kubecd-bdd-ghfjxy-impor-1[0m stage [32mmeta-pipeline[0m and container [32mstep-create-tekton-crds[0m
running command: echo \$(**-release-version) > VERSION

running command: ** step tag --version \$(cat VERSION)
Updating chart version in charts/bdd-ghf**y-import-1568057943/Chart.yaml to 0.0.1
Updating repository in charts/bdd-ghf**y-import-1568057943/values.yaml to gcr.io/jenkins-x-bdd2/bdd-ghf**y-import-1568057943
Updating tag in charts/bdd-ghf**y-import-1568057943/values.yaml to 0.0.1
Tag v0.0.1 created and pushed to remote origin

PipelineActivity for cb-kubecd-bdd-ghf**y-import-1568057943-master-1
Applying changes 
upserted PipelineResource cb-kubecd-bdd-ghf**y-import-156 for the git repository https://github.com/cb-kubecd/bdd-ghf**y-import-1568057943.git
upserted Task cb-kubecd-bdd-ghf**y-import-156-run-make-1
upserted Task cb-kubecd-bdd-ghf**y-import-156-everything-else-1
upserted Pipeline cb-kubecd-bdd-ghf**y-import-156-1
created PipelineRun cb-kubecd-bdd-ghf**y-import-156-1
created PipelineStructure cb-kubecd-bdd-ghf**y-import-156-1

waiting for stage [32mrun-make[0m : container [32mstep-credential-initializer-5stjh[0m to start...


Showing logs for build [32mmeta-cb-kubecd-bdd-ghfjxy-impor-1[0m stage [32mrun-make[0m and container [32mstep-credential-initializer-5stjh[0m
{"level":"warn","ts":1568058006.2687843,"logger":"fallback-logger","caller":"logging/config.go:69","msg":"Fetch GitHub commit ID from kodata failed: \"ref: refs/heads/master\" is not a valid GitHub commit ID"}
{"level":"info","ts":1568058006.2695012,"logger":"fallback-logger","caller":"creds-init/main.go:40","msg":"Credentials initialized."}

waiting for stage [32mrun-make[0m : container [32mstep-working-dir-initializer-kxp4m[0m to start...


Showing logs for build [32mmeta-cb-kubecd-bdd-ghfjxy-impor-1[0m stage [32mrun-make[0m and container [32mstep-working-dir-initializer-kxp4m[0m
{"level":"warn","ts":1568058007.2446811,"logger":"fallback-logger","caller":"logging/config.go:69","msg":"Fetch GitHub commit ID from kodata failed: open /var/run/ko/HEAD: no such file or directory"}
{"level":"info","ts":1568058007.2463048,"logger":"fallback-logger","caller":"bash/main.go:65","msg":"Successfully executed command \"mkdir -p /workspace/source\""}

waiting for stage [32mrun-make[0m : container [32mstep-place-tools[0m to start...


Showing logs for build [32mmeta-cb-kubecd-bdd-ghfjxy-impor-1[0m stage [32mrun-make[0m and container [32mstep-place-tools[0m

waiting for stage [32mrun-make[0m : container [32mstep-git-source-cb-kubecd-bdd-ghfjxy-import-156-dqbn7[0m to start...


Showing logs for build [32mmeta-cb-kubecd-bdd-ghfjxy-impor-1[0m stage [32mrun-make[0m and container [32mstep-git-source-cb-kubecd-bdd-ghfjxy-import-156-dqbn7[0m
{"level":"warn","ts":1568058012.3225417,"logger":"fallback-logger","caller":"logging/config.go:69","msg":"Fetch GitHub commit ID from kodata failed: \"ref: refs/heads/master\" is not a valid GitHub commit ID"}
{"level":"info","ts":1568058013.4684439,"logger":"fallback-logger","caller":"git/git.go:102","msg":"Successfully cloned https://github.com/cb-kubecd/bdd-ghf**y-import-1568057943.git @ v0.0.1 in path /workspace/source"}

waiting for stage [32mrun-make[0m : container [32mstep-git-merge[0m to start...


Showing logs for build [32mmeta-cb-kubecd-bdd-ghfjxy-impor-1[0m stage [32mrun-make[0m and container [32mstep-git-merge[0m
Using SHAs from PULL_REFS=master:f925e4322b5516a3f381a355764f3ef9a0c4df28
WARNING: no SHAs to merge, falling back to initial cloned commit

waiting for stage [32mrun-make[0m : container [32mstep-setup-jx-git-credentials[0m to start...


Showing logs for build [32mmeta-cb-kubecd-bdd-ghfjxy-impor-1[0m stage [32mrun-make[0m and container [32mstep-setup-jx-git-credentials[0m
Generated Git credentials file /workspace/xdg_config/git/credentials

waiting for stage [32mrun-make[0m : container [32mstep-build-make-build[0m to start...


Showing logs for build [32mmeta-cb-kubecd-bdd-ghfjxy-impor-1[0m stage [32mrun-make[0m and container [32mstep-build-make-build[0m
CGO_ENABLED=0 GO15VENDOREXPERIMENT=1 go build -ldflags '' -o bin/bdd-ghf**y-import-1568057943 main.go

waiting for stage [32mrun-make[0m : container [32mstep-source-mkdir-cb-kubecd-bdd-ghfjxy-import-156-zq7k7[0m to start...


Showing logs for build [32mmeta-cb-kubecd-bdd-ghfjxy-impor-1[0m stage [32mrun-make[0m and container [32mstep-source-mkdir-cb-kubecd-bdd-ghfjxy-import-156-zq7k7[0m
{"level":"warn","ts":1568058021.435651,"logger":"fallback-logger","caller":"logging/config.go:69","msg":"Fetch GitHub commit ID from kodata failed: open /var/run/ko/HEAD: no such file or directory"}
{"level":"info","ts":1568058021.4681687,"logger":"fallback-logger","caller":"bash/main.go:65","msg":"Successfully executed command \"mkdir -p /pvc/run-make/workspace\""}

waiting for stage [32mrun-make[0m : container [32mstep-source-copy-cb-kubecd-bdd-ghfjxy-import-156-5cccq[0m to start...


Showing logs for build [32mmeta-cb-kubecd-bdd-ghfjxy-impor-1[0m stage [32mrun-make[0m and container [32mstep-source-copy-cb-kubecd-bdd-ghfjxy-import-156-5cccq[0m
{"level":"warn","ts":1568058021.7656083,"logger":"fallback-logger","caller":"logging/config.go:69","msg":"Fetch GitHub commit ID from kodata failed: open /var/run/ko/HEAD: no such file or directory"}
{"level":"info","ts":1568058021.7824903,"logger":"fallback-logger","caller":"bash/main.go:65","msg":"Successfully executed command \"cp -r /workspace/source/. /pvc/run-make/workspace\""}

waiting for stage [32meverything-else[0m : container [32mstep-credential-initializer-kwjv7[0m to start...


Showing logs for build [32mmeta-cb-kubecd-bdd-ghfjxy-impor-1[0m stage [32meverything-else[0m and container [32mstep-credential-initializer-kwjv7[0m
{"level":"warn","ts":1568058030.5194442,"logger":"fallback-logger","caller":"logging/config.go:69","msg":"Fetch GitHub commit ID from kodata failed: \"ref: refs/heads/master\" is not a valid GitHub commit ID"}
{"level":"info","ts":1568058030.5199573,"logger":"fallback-logger","caller":"creds-init/main.go:40","msg":"Credentials initialized."}

waiting for stage [32meverything-else[0m : container [32mstep-working-dir-initializer-jwpbr[0m to start...


Showing logs for build [32mmeta-cb-kubecd-bdd-ghfjxy-impor-1[0m stage [32meverything-else[0m and container [32mstep-working-dir-initializer-jwpbr[0m
{"level":"warn","ts":1568058031.8236194,"logger":"fallback-logger","caller":"logging/config.go:69","msg":"Fetch GitHub commit ID from kodata failed: open /var/run/ko/HEAD: no such file or directory"}
{"level":"info","ts":1568058031.8250663,"logger":"fallback-logger","caller":"bash/main.go:65","msg":"Successfully executed command \"mkdir -p /workspace/source /workspace/source/charts/bdd-ghf**y-import-1568057943\""}

waiting for stage [32meverything-else[0m : container [32mstep-place-tools[0m to start...


Showing logs for build [32mmeta-cb-kubecd-bdd-ghfjxy-impor-1[0m stage [32meverything-else[0m and container [32mstep-place-tools[0m

waiting for stage [32meverything-else[0m : container [32mstep-create-dir-workspace-fz4j8[0m to start...


Showing logs for build [32mmeta-cb-kubecd-bdd-ghfjxy-impor-1[0m stage [32meverything-else[0m and container [32mstep-create-dir-workspace-fz4j8[0m
{"level":"warn","ts":1568058036.9002488,"logger":"fallback-logger","caller":"logging/config.go:69","msg":"Fetch GitHub commit ID from kodata failed: open /var/run/ko/HEAD: no such file or directory"}
{"level":"info","ts":1568058036.9205856,"logger":"fallback-logger","caller":"bash/main.go:65","msg":"Successfully executed command \"mkdir -p /workspace/source\""}

waiting for stage [32meverything-else[0m : container [32mstep-source-copy-workspace-jmd8v[0m to start...


Showing logs for build [32mmeta-cb-kubecd-bdd-ghfjxy-impor-1[0m stage [32meverything-else[0m and container [32mstep-source-copy-workspace-jmd8v[0m
{"level":"warn","ts":1568058037.1277087,"logger":"fallback-logger","caller":"logging/config.go:69","msg":"Fetch GitHub commit ID from kodata failed: open /var/run/ko/HEAD: no such file or directory"}
{"level":"info","ts":1568058037.552082,"logger":"fallback-logger","caller":"bash/main.go:65","msg":"Successfully executed command \"cp -r /pvc/run-make/workspace/. /workspace/source\""}

waiting for stage [32meverything-else[0m : container [32mstep-build-container-build[0m to start...


Showing logs for build [32mmeta-cb-kubecd-bdd-ghfjxy-impor-1[0m stage [32meverything-else[0m and container [32mstep-build-container-build[0m
[36mINFO[0m[0000] No base image, nothing to extract            
[36mINFO[0m[0000] cmd: EXPOSE                                  
[36mINFO[0m[0000] Adding exposed port: 8080/tcp                
[36mINFO[0m[0000] Using files from context: [/workspace/source/bin] 
[36mINFO[0m[0000] Skipping unpacking as no commands require it. 
[36mINFO[0m[0000] Taking snapshot of full filesystem...        
[36mINFO[0m[0000] EXPOSE 8080                                  
[36mINFO[0m[0000] cmd: EXPOSE                                  
[36mINFO[0m[0000] Adding exposed port: 8080/tcp                
[36mINFO[0m[0000] No files changed in this command, skipping snapshotting. 
[36mINFO[0m[0000] ENTRYPOINT ["/bdd-ghf**y-import-1568057943"] 
[36mINFO[0m[0000] No files changed in this command, skipping snapshotting. 
[36mINFO[0m[0000] Using files from context: [/workspace/source/bin] 
[36mINFO[0m[0000] COPY ./bin/ /                                
[36mINFO[0m[0000] Taking snapshot of files...                  
2019/09/09 19:40:43 pushed blob: sha256:a936f92fd9c04b3aee63210c5e6a5924842e4922d1df19133f4fc209515bc66d
2019/09/09 19:40:43 pushed blob: sha256:5423b1a6d853c8590299f4a4fbde13757df57bd0705754f046d0e8a5296780ac
2019/09/09 19:40:45 gcr.io/jenkins-x-bdd2/bdd-ghf**y-import-1568057943:0.0.1: digest: sha256:1fe832d1fbff0523e15f609338a44d1327d152486ba3f8c305cd56811fe39090 size: 428

waiting for stage [32meverything-else[0m : container [32mstep-build-post-build[0m to start...


Showing logs for build [32mmeta-cb-kubecd-bdd-ghfjxy-impor-1[0m stage [32meverything-else[0m and container [32mstep-build-post-build[0m
no CVE provider running in the current ** namespace so skip adding image to be analysed

waiting for stage [32meverything-else[0m : container [32mstep-promote-changelog[0m to start...


Showing logs for build [32mmeta-cb-kubecd-bdd-ghfjxy-impor-1[0m stage [32meverything-else[0m and container [32mstep-promote-changelog[0m
Converted /workspace/source to an unshallow repository
no previous commit version found so change diff unavailable

waiting for stage [32meverything-else[0m : container [32mstep-promote-helm-release[0m to start...


Showing logs for build [32mmeta-cb-kubecd-bdd-ghfjxy-impor-1[0m stage [32meverything-else[0m and container [32mstep-promote-helm-release[0m
WARNING: No $CHART_REPOSITORY defined so using the default value of: http://jenkins-x-chartmuseum:8080
Adding missing Helm repo: storage.googleapis.com https://storage.googleapis.com/chartmuseum.jenkins-x.io
Successfully added Helm repository storage.googleapis.com.
Adding missing Helm repo: jenkins-x-chartmuseum http://jenkins-x-chartmuseum:8080
Successfully added Helm repository jenkins-x-chartmuseum.
WARNING: No $CHART_REPOSITORY defined so using the default value of: http://jenkins-x-chartmuseum:8080
Uploading chart file bdd-ghf**y-import-1568057943-0.0.1.tgz to http://jenkins-x-chartmuseum:8080/api/charts
Received 201 response: {"saved":true}

waiting for stage [32meverything-else[0m : container [32mstep-promote-jx-promote[0m to start...


Showing logs for build [32mmeta-cb-kubecd-bdd-ghfjxy-impor-1[0m stage [32meverything-else[0m and container [32mstep-promote-jx-promote[0m
WARNING: prow based install so skip waiting for the merge of Pull Requests to go green as currently there is an issue with gettingstatuses from the PR, see https://github.com/jenkins-x/**/issues/2410
Promoting app bdd-ghf**y-import-1568057943 version 0.0.1 to namespace **-staging
Created Pull Request: https://github.com/cb-kubecd/environment-pr-5390-19-tekton-gkebdd-staging/pull/3
Pull Request https://github.com/cb-kubecd/environment-pr-5390-19-tekton-gkebdd-staging/pull/3 is merged at sha 97adbc4e9c7bb62e142e111a9abdade45e7163ae
Pull Request merged but we are not waiting for the update pipeline to complete!
WARNING: Could not find the service URL in namespace **-staging for names bdd-ghf**y-import-1568057943, **-bdd-ghf**y-import-1568057943, **-staging-bdd-ghf**y-import-1568057943
